<?xml version="1.0" encoding="UTF-8"?>
<testsuite xmlns:xsi="http://www.w3.org/2001/XMLSchema-instance" xsi:noNamespaceSchemaLocation="https://maven.apache.org/surefire/maven-surefire-plugin/xsd/surefire-test-report.xsd" name="icom.ibm.garage.cpat.cp4i.WebSocket.WebSocketTest" time="3.513" tests="1" errors="1" skipped="0" failures="0">
  <properties>
    <property name="java.specification.version" value="13"/>
    <property name="sun.jnu.encoding" value="UTF-8"/>
    <property name="java.class.path" value="/Users/jackyng/Desktop/Learning/cp4i-es-squad-financial/es-quarkus-websocket/cp4i-financial-websocket-ms/target/test-classes:/Users/jackyng/Desktop/Learning/cp4i-es-squad-financial/es-quarkus-websocket/cp4i-financial-websocket-ms/target/classes:/Users/jackyng/.m2/repository/io/quarkus/quarkus-resteasy/1.5.2.Final/quarkus-resteasy-1.5.2.Final.jar:/Users/jackyng/.m2/repository/io/quarkus/quarkus-vertx-http/1.5.2.Final/quarkus-vertx-http-1.5.2.Final.jar:/Users/jackyng/.m2/repository/io/quarkus/quarkus-development-mode-spi/1.5.2.Final/quarkus-development-mode-spi-1.5.2.Final.jar:/Users/jackyng/.m2/repository/io/quarkus/security/quarkus-security/1.1.1.Final/quarkus-security-1.1.1.Final.jar:/Users/jackyng/.m2/repository/jakarta/enterprise/jakarta.enterprise.cdi-api/2.0.2/jakarta.enterprise.cdi-api-2.0.2.jar:/Users/jackyng/.m2/repository/jakarta/el/jakarta.el-api/3.0.3/jakarta.el-api-3.0.3.jar:/Users/jackyng/.m2/repository/jakarta/interceptor/jakarta.interceptor-api/1.2.5/jakarta.interceptor-api-1.2.5.jar:/Users/jackyng/.m2/repository/io/vertx/vertx-web/3.9.0/vertx-web-3.9.0.jar:/Users/jackyng/.m2/repository/io/vertx/vertx-web-common/3.9.0/vertx-web-common-3.9.0.jar:/Users/jackyng/.m2/repository/io/vertx/vertx-auth-common/3.9.0/vertx-auth-common-3.9.0.jar:/Users/jackyng/.m2/repository/io/vertx/vertx-bridge-common/3.9.0/vertx-bridge-common-3.9.0.jar:/Users/jackyng/.m2/repository/io/quarkus/quarkus-resteasy-server-common/1.5.2.Final/quarkus-resteasy-server-common-1.5.2.Final.jar:/Users/jackyng/.m2/repository/io/quarkus/quarkus-resteasy-common/1.5.2.Final/quarkus-resteasy-common-1.5.2.Final.jar:/Users/jackyng/.m2/repository/org/jboss/resteasy/resteasy-core/4.5.3.Final/resteasy-core-4.5.3.Final.jar:/Users/jackyng/.m2/repository/org/jboss/spec/javax/ws/rs/jboss-jaxrs-api_2.1_spec/2.0.1.Final/jboss-jaxrs-api_2.1_spec-2.0.1.Final.jar:/Users/jackyng/.m2/repository/org/jboss/spec/javax/xml/bind/jboss-jaxb-api_2.3_spec/2.0.0.Final/jboss-jaxb-api_2.3_spec-2.0.0.Final.jar:/Users/jackyng/.m2/repository/org/jboss/resteasy/resteasy-core-spi/4.5.3.Final/resteasy-core-spi-4.5.3.Final.jar:/Users/jackyng/.m2/repository/org/eclipse/microprofile/config/microprofile-config-api/1.4/microprofile-config-api-1.4.jar:/Users/jackyng/.m2/repository/com/sun/activation/jakarta.activation/1.2.1/jakarta.activation-1.2.1.jar:/Users/jackyng/.m2/repository/jakarta/validation/jakarta.validation-api/2.0.2/jakarta.validation-api-2.0.2.jar:/Users/jackyng/.m2/repository/io/quarkus/quarkus-junit5/1.5.2.Final/quarkus-junit5-1.5.2.Final.jar:/Users/jackyng/.m2/repository/io/quarkus/quarkus-bootstrap-core/1.5.2.Final/quarkus-bootstrap-core-1.5.2.Final.jar:/Users/jackyng/.m2/repository/org/ow2/asm/asm/8.0.1/asm-8.0.1.jar:/Users/jackyng/.m2/repository/org/apache/maven/maven-embedder/3.6.3/maven-embedder-3.6.3.jar:/Users/jackyng/.m2/repository/org/apache/maven/maven-settings/3.6.3/maven-settings-3.6.3.jar:/Users/jackyng/.m2/repository/org/apache/maven/maven-core/3.6.3/maven-core-3.6.3.jar:/Users/jackyng/.m2/repository/org/apache/maven/maven-artifact/3.6.2/maven-artifact-3.6.2.jar:/Users/jackyng/.m2/repository/org/codehaus/plexus/plexus-component-annotations/2.1.0/plexus-component-annotations-2.1.0.jar:/Users/jackyng/.m2/repository/org/apache/maven/maven-plugin-api/3.6.3/maven-plugin-api-3.6.3.jar:/Users/jackyng/.m2/repository/org/apache/maven/maven-model/3.6.3/maven-model-3.6.3.jar:/Users/jackyng/.m2/repository/org/apache/maven/maven-model-builder/3.6.3/maven-model-builder-3.6.3.jar:/Users/jackyng/.m2/repository/org/apache/maven/maven-builder-support/3.6.3/maven-builder-support-3.6.3.jar:/Users/jackyng/.m2/repository/org/apache/maven/resolver/maven-resolver-api/1.4.1/maven-resolver-api-1.4.1.jar:/Users/jackyng/.m2/repository/org/apache/maven/resolver/maven-resolver-util/1.4.1/maven-resolver-util-1.4.1.jar:/Users/jackyng/.m2/repository/org/apache/maven/shared/maven-shared-utils/3.2.1/maven-shared-utils-3.2.1.jar:/Users/jackyng/.m2/repository/com/google/inject/guice/4.2.1/guice-4.2.1-no_aop.jar:/Users/jackyng/.m2/repository/com/google/guava/guava/27.0.1-jre/guava-27.0.1-jre.jar:/Users/jackyng/.m2/repository/com/google/guava/failureaccess/1.0.1/failureaccess-1.0.1.jar:/Users/jackyng/.m2/repository/com/google/guava/listenablefuture/9999.0-empty-to-avoid-conflict-with-guava/listenablefuture-9999.0-empty-to-avoid-conflict-with-guava.jar:/Users/jackyng/.m2/repository/org/codehaus/plexus/plexus-utils/3.2.1/plexus-utils-3.2.1.jar:/Users/jackyng/.m2/repository/org/codehaus/plexus/plexus-classworlds/2.5.2/plexus-classworlds-2.5.2.jar:/Users/jackyng/.m2/repository/commons-cli/commons-cli/1.4/commons-cli-1.4.jar:/Users/jackyng/.m2/repository/org/eclipse/sisu/org.eclipse.sisu.plexus/0.3.4/org.eclipse.sisu.plexus-0.3.4.jar:/Users/jackyng/.m2/repository/org/apache/maven/maven-settings-builder/3.6.3/maven-settings-builder-3.6.3.jar:/Users/jackyng/.m2/repository/org/codehaus/plexus/plexus-interpolation/1.25/plexus-interpolation-1.25.jar:/Users/jackyng/.m2/repository/org/sonatype/plexus/plexus-sec-dispatcher/1.4/plexus-sec-dispatcher-1.4.jar:/Users/jackyng/.m2/repository/org/sonatype/plexus/plexus-cipher/1.4/plexus-cipher-1.4.jar:/Users/jackyng/.m2/repository/org/apache/maven/maven-resolver-provider/3.6.3/maven-resolver-provider-3.6.3.jar:/Users/jackyng/.m2/repository/org/apache/maven/maven-repository-metadata/3.6.3/maven-repository-metadata-3.6.3.jar:/Users/jackyng/.m2/repository/org/apache/maven/resolver/maven-resolver-spi/1.4.1/maven-resolver-spi-1.4.1.jar:/Users/jackyng/.m2/repository/org/apache/maven/resolver/maven-resolver-impl/1.4.1/maven-resolver-impl-1.4.1.jar:/Users/jackyng/.m2/repository/org/apache/maven/resolver/maven-resolver-connector-basic/1.4.1/maven-resolver-connector-basic-1.4.1.jar:/Users/jackyng/.m2/repository/org/apache/maven/resolver/maven-resolver-transport-wagon/1.4.1/maven-resolver-transport-wagon-1.4.1.jar:/Users/jackyng/.m2/repository/org/apache/maven/wagon/wagon-http/3.3.4/wagon-http-3.3.4.jar:/Users/jackyng/.m2/repository/org/apache/maven/wagon/wagon-http-shared/3.3.4/wagon-http-shared-3.3.4.jar:/Users/jackyng/.m2/repository/org/jsoup/jsoup/1.12.1/jsoup-1.12.1.jar:/Users/jackyng/.m2/repository/org/apache/maven/wagon/wagon-provider-api/3.3.4/wagon-provider-api-3.3.4.jar:/Users/jackyng/.m2/repository/org/apache/maven/wagon/wagon-file/3.3.4/wagon-file-3.3.4.jar:/Users/jackyng/.m2/repository/org/jboss/logging/jboss-logging/3.3.2.Final/jboss-logging-3.3.2.Final.jar:/Users/jackyng/.m2/repository/org/jboss/logging/commons-logging-jboss-logging/1.0.0.Final/commons-logging-jboss-logging-1.0.0.Final.jar:/Users/jackyng/.m2/repository/org/eclipse/sisu/org.eclipse.sisu.inject/0.3.4/org.eclipse.sisu.inject-0.3.4.jar:/Users/jackyng/.m2/repository/io/quarkus/quarkus-test-common/1.5.2.Final/quarkus-test-common-1.5.2.Final.jar:/Users/jackyng/.m2/repository/io/quarkus/quarkus-core-deployment/1.5.2.Final/quarkus-core-deployment-1.5.2.Final.jar:/Users/jackyng/.m2/repository/io/quarkus/gizmo/gizmo/1.0.3.Final/gizmo-1.0.3.Final.jar:/Users/jackyng/.m2/repository/org/ow2/asm/asm-util/8.0.1/asm-util-8.0.1.jar:/Users/jackyng/.m2/repository/org/ow2/asm/asm-tree/8.0.1/asm-tree-8.0.1.jar:/Users/jackyng/.m2/repository/org/ow2/asm/asm-analysis/8.0.1/asm-analysis-8.0.1.jar:/Users/jackyng/.m2/repository/io/quarkus/quarkus-builder/1.5.2.Final/quarkus-builder-1.5.2.Final.jar:/Users/jackyng/.m2/repository/io/quarkus/quarkus-jsonp-deployment/1.5.2.Final/quarkus-jsonp-deployment-1.5.2.Final.jar:/Users/jackyng/.m2/repository/org/jboss/jandex/2.1.3.Final/jandex-2.1.3.Final.jar:/Users/jackyng/.m2/repository/org/junit/jupiter/junit-jupiter/5.6.2/junit-jupiter-5.6.2.jar:/Users/jackyng/.m2/repository/org/junit/jupiter/junit-jupiter-api/5.6.2/junit-jupiter-api-5.6.2.jar:/Users/jackyng/.m2/repository/org/apiguardian/apiguardian-api/1.1.0/apiguardian-api-1.1.0.jar:/Users/jackyng/.m2/repository/org/opentest4j/opentest4j/1.2.0/opentest4j-1.2.0.jar:/Users/jackyng/.m2/repository/org/junit/platform/junit-platform-commons/1.6.2/junit-platform-commons-1.6.2.jar:/Users/jackyng/.m2/repository/org/junit/jupiter/junit-jupiter-params/5.6.2/junit-jupiter-params-5.6.2.jar:/Users/jackyng/.m2/repository/org/junit/jupiter/junit-jupiter-engine/5.6.2/junit-jupiter-engine-5.6.2.jar:/Users/jackyng/.m2/repository/org/junit/platform/junit-platform-engine/1.6.2/junit-platform-engine-1.6.2.jar:/Users/jackyng/.m2/repository/io/quarkus/quarkus-core/1.5.2.Final/quarkus-core-1.5.2.Final.jar:/Users/jackyng/.m2/repository/jakarta/inject/jakarta.inject-api/1.0/jakarta.inject-api-1.0.jar:/Users/jackyng/.m2/repository/io/quarkus/quarkus-ide-launcher/1.5.2.Final/quarkus-ide-launcher-1.5.2.Final.jar:/Users/jackyng/.m2/repository/io/smallrye/config/smallrye-config/1.7.0/smallrye-config-1.7.0.jar:/Users/jackyng/.m2/repository/io/smallrye/config/smallrye-config-common/1.7.0/smallrye-config-common-1.7.0.jar:/Users/jackyng/.m2/repository/org/jboss/logmanager/jboss-logmanager-embedded/1.0.4/jboss-logmanager-embedded-1.0.4.jar:/Users/jackyng/.m2/repository/org/jboss/logging/jboss-logging-annotations/2.1.0.Final/jboss-logging-annotations-2.1.0.Final.jar:/Users/jackyng/.m2/repository/org/jboss/threads/jboss-threads/3.1.1.Final/jboss-threads-3.1.1.Final.jar:/Users/jackyng/.m2/repository/org/slf4j/slf4j-api/1.7.30/slf4j-api-1.7.30.jar:/Users/jackyng/.m2/repository/org/jboss/slf4j/slf4j-jboss-logging/1.2.0.Final/slf4j-jboss-logging-1.2.0.Final.jar:/Users/jackyng/.m2/repository/org/graalvm/sdk/graal-sdk/19.3.1/graal-sdk-19.3.1.jar:/Users/jackyng/.m2/repository/org/wildfly/common/wildfly-common/1.5.4.Final-format-001/wildfly-common-1.5.4.Final-format-001.jar:/Users/jackyng/.m2/repository/io/quarkus/quarkus-bootstrap-runner/1.5.2.Final/quarkus-bootstrap-runner-1.5.2.Final.jar:/Users/jackyng/.m2/repository/com/thoughtworks/xstream/xstream/1.4.11.1/xstream-1.4.11.1.jar:/Users/jackyng/.m2/repository/xmlpull/xmlpull/1.1.3.1/xmlpull-1.1.3.1.jar:/Users/jackyng/.m2/repository/xpp3/xpp3_min/1.1.4c/xpp3_min-1.1.4c.jar:/Users/jackyng/.m2/repository/io/rest-assured/rest-assured/4.3.0/rest-assured-4.3.0.jar:/Users/jackyng/.m2/repository/org/codehaus/groovy/groovy/3.0.2/groovy-3.0.2.jar:/Users/jackyng/.m2/repository/org/codehaus/groovy/groovy-xml/3.0.2/groovy-xml-3.0.2.jar:/Users/jackyng/.m2/repository/org/apache/httpcomponents/httpclient/4.5.12/httpclient-4.5.12.jar:/Users/jackyng/.m2/repository/org/apache/httpcomponents/httpcore/4.4.13/httpcore-4.4.13.jar:/Users/jackyng/.m2/repository/commons-codec/commons-codec/1.14/commons-codec-1.14.jar:/Users/jackyng/.m2/repository/org/apache/httpcomponents/httpmime/4.5.3/httpmime-4.5.3.jar:/Users/jackyng/.m2/repository/org/hamcrest/hamcrest/2.1/hamcrest-2.1.jar:/Users/jackyng/.m2/repository/org/ccil/cowan/tagsoup/tagsoup/1.2.1/tagsoup-1.2.1.jar:/Users/jackyng/.m2/repository/io/rest-assured/json-path/4.3.0/json-path-4.3.0.jar:/Users/jackyng/.m2/repository/org/codehaus/groovy/groovy-json/3.0.2/groovy-json-3.0.2.jar:/Users/jackyng/.m2/repository/io/rest-assured/rest-assured-common/4.3.0/rest-assured-common-4.3.0.jar:/Users/jackyng/.m2/repository/io/rest-assured/xml-path/4.3.0/xml-path-4.3.0.jar:/Users/jackyng/.m2/repository/org/apache/commons/commons-lang3/3.9/commons-lang3-3.9.jar:/Users/jackyng/.m2/repository/jakarta/xml/bind/jakarta.xml.bind-api/2.3.2/jakarta.xml.bind-api-2.3.2.jar:/Users/jackyng/.m2/repository/jakarta/activation/jakarta.activation-api/1.2.1/jakarta.activation-api-1.2.1.jar:/Users/jackyng/.m2/repository/org/apache/sling/org.apache.sling.javax.activation/0.1.0/org.apache.sling.javax.activation-0.1.0.jar:/Users/jackyng/.m2/repository/io/quarkus/quarkus-undertow-websockets/1.5.2.Final/quarkus-undertow-websockets-1.5.2.Final.jar:/Users/jackyng/.m2/repository/io/quarkus/quarkus-undertow/1.5.2.Final/quarkus-undertow-1.5.2.Final.jar:/Users/jackyng/.m2/repository/io/quarkus/http/quarkus-http-servlet/3.0.9.Final/quarkus-http-servlet-3.0.9.Final.jar:/Users/jackyng/.m2/repository/jakarta/servlet/jakarta.servlet-api/4.0.3/jakarta.servlet-api-4.0.3.jar:/Users/jackyng/.m2/repository/io/quarkus/http/quarkus-http-vertx-backend/3.0.9.Final/quarkus-http-vertx-backend-3.0.9.Final.jar:/Users/jackyng/.m2/repository/io/quarkus/http/quarkus-http-http-core/3.0.9.Final/quarkus-http-http-core-3.0.9.Final.jar:/Users/jackyng/.m2/repository/io/quarkus/http/quarkus-http-core/3.0.9.Final/quarkus-http-core-3.0.9.Final.jar:/Users/jackyng/.m2/repository/io/netty/netty-codec-http/4.1.49.Final/netty-codec-http-4.1.49.Final.jar:/Users/jackyng/.m2/repository/org/eclipse/microprofile/context-propagation/microprofile-context-propagation-api/1.0.1/microprofile-context-propagation-api-1.0.1.jar:/Users/jackyng/.m2/repository/io/quarkus/http/quarkus-http-websockets-jsr/3.0.9.Final/quarkus-http-websockets-jsr-3.0.9.Final.jar:/Users/jackyng/.m2/repository/jakarta/websocket/jakarta.websocket-api/1.1.2/jakarta.websocket-api-1.1.2.jar:/Users/jackyng/.m2/repository/io/quarkus/quarkus-smallrye-reactive-messaging-kafka/1.5.2.Final/quarkus-smallrye-reactive-messaging-kafka-1.5.2.Final.jar:/Users/jackyng/.m2/repository/io/quarkus/quarkus-kafka-client/1.5.2.Final/quarkus-kafka-client-1.5.2.Final.jar:/Users/jackyng/.m2/repository/io/smallrye/reactive/smallrye-reactive-messaging-kafka/2.0.3/smallrye-reactive-messaging-kafka-2.0.3.jar:/Users/jackyng/.m2/repository/io/smallrye/reactive/smallrye-mutiny-vertx-kafka-client/0.0.15/smallrye-mutiny-vertx-kafka-client-0.0.15.jar:/Users/jackyng/.m2/repository/org/apache/zookeeper/zookeeper/3.5.7/zookeeper-3.5.7.jar:/Users/jackyng/.m2/repository/org/apache/zookeeper/zookeeper-jute/3.5.7/zookeeper-jute-3.5.7.jar:/Users/jackyng/.m2/repository/org/apache/yetus/audience-annotations/0.5.0/audience-annotations-0.5.0.jar:/Users/jackyng/.m2/repository/io/netty/netty-transport-native-epoll/4.1.49.Final/netty-transport-native-epoll-4.1.49.Final.jar:/Users/jackyng/.m2/repository/io/netty/netty-transport-native-unix-common/4.1.49.Final/netty-transport-native-unix-common-4.1.49.Final.jar:/Users/jackyng/.m2/repository/io/smallrye/reactive/mutiny/0.5.0/mutiny-0.5.0.jar:/Users/jackyng/.m2/repository/io/smallrye/reactive/smallrye-reactive-converter-api/1.0.12/smallrye-reactive-converter-api-1.0.12.jar:/Users/jackyng/.m2/repository/org/eclipse/microprofile/reactive-streams-operators/microprofile-reactive-streams-operators-api/1.0.1/microprofile-reactive-streams-operators-api-1.0.1.jar:/Users/jackyng/.m2/repository/org/eclipse/microprofile/reactive-streams-operators/microprofile-reactive-streams-operators-core/1.0.1/microprofile-reactive-streams-operators-core-1.0.1.jar:/Users/jackyng/.m2/repository/io/quarkus/quarkus-jackson/1.5.2.Final/quarkus-jackson-1.5.2.Final.jar:/Users/jackyng/.m2/repository/com/fasterxml/jackson/core/jackson-databind/2.10.4/jackson-databind-2.10.4.jar:/Users/jackyng/.m2/repository/com/fasterxml/jackson/core/jackson-annotations/2.10.4/jackson-annotations-2.10.4.jar:/Users/jackyng/.m2/repository/com/fasterxml/jackson/core/jackson-core/2.10.4/jackson-core-2.10.4.jar:/Users/jackyng/.m2/repository/com/fasterxml/jackson/datatype/jackson-datatype-jsr310/2.10.4/jackson-datatype-jsr310-2.10.4.jar:/Users/jackyng/.m2/repository/com/fasterxml/jackson/datatype/jackson-datatype-jdk8/2.10.4/jackson-datatype-jdk8-2.10.4.jar:/Users/jackyng/.m2/repository/com/fasterxml/jackson/module/jackson-module-parameter-names/2.10.4/jackson-module-parameter-names-2.10.4.jar:/Users/jackyng/.m2/repository/org/apache/kafka/kafka-clients/2.5.0/kafka-clients-2.5.0.jar:/Users/jackyng/.m2/repository/com/github/luben/zstd-jni/1.4.4-7/zstd-jni-1.4.4-7.jar:/Users/jackyng/.m2/repository/org/lz4/lz4-java/1.7.1/lz4-java-1.7.1.jar:/Users/jackyng/.m2/repository/org/xerial/snappy/snappy-java/1.1.7.3/snappy-java-1.1.7.3.jar:/Users/jackyng/.m2/repository/io/vertx/vertx-kafka-client/3.9.0/vertx-kafka-client-3.9.0.jar:/Users/jackyng/.m2/repository/io/vertx/vertx-core/3.9.0/vertx-core-3.9.0.jar:/Users/jackyng/.m2/repository/io/netty/netty-common/4.1.49.Final/netty-common-4.1.49.Final.jar:/Users/jackyng/.m2/repository/io/netty/netty-buffer/4.1.49.Final/netty-buffer-4.1.49.Final.jar:/Users/jackyng/.m2/repository/io/netty/netty-transport/4.1.49.Final/netty-transport-4.1.49.Final.jar:/Users/jackyng/.m2/repository/io/netty/netty-handler-proxy/4.1.49.Final/netty-handler-proxy-4.1.49.Final.jar:/Users/jackyng/.m2/repository/io/netty/netty-codec-socks/4.1.49.Final/netty-codec-socks-4.1.49.Final.jar:/Users/jackyng/.m2/repository/io/netty/netty-codec-http2/4.1.49.Final/netty-codec-http2-4.1.49.Final.jar:/Users/jackyng/.m2/repository/io/netty/netty-resolver/4.1.49.Final/netty-resolver-4.1.49.Final.jar:/Users/jackyng/.m2/repository/io/netty/netty-resolver-dns/4.1.49.Final/netty-resolver-dns-4.1.49.Final.jar:/Users/jackyng/.m2/repository/io/netty/netty-codec-dns/4.1.49.Final/netty-codec-dns-4.1.49.Final.jar:/Users/jackyng/.m2/repository/io/quarkus/quarkus-smallrye-reactive-messaging/1.5.2.Final/quarkus-smallrye-reactive-messaging-1.5.2.Final.jar:/Users/jackyng/.m2/repository/io/quarkus/quarkus-mutiny-reactive-streams-operators/1.5.2.Final/quarkus-mutiny-reactive-streams-operators-1.5.2.Final.jar:/Users/jackyng/.m2/repository/io/smallrye/reactive/mutiny-reactive-streams-operators/0.5.0/mutiny-reactive-streams-operators-0.5.0.jar:/Users/jackyng/.m2/repository/io/reactivex/rxjava2/rxjava/2.2.19/rxjava-2.2.19.jar:/Users/jackyng/.m2/repository/io/smallrye/reactive/smallrye-reactive-messaging-provider/2.0.3/smallrye-reactive-messaging-provider-2.0.3.jar:/Users/jackyng/.m2/repository/io/smallrye/reactive/smallrye-reactive-messaging-api/2.0.3/smallrye-reactive-messaging-api-2.0.3.jar:/Users/jackyng/.m2/repository/jakarta/annotation/jakarta.annotation-api/1.3.5/jakarta.annotation-api-1.3.5.jar:/Users/jackyng/.m2/repository/io/quarkus/quarkus-resteasy-jsonb/1.5.2.Final/quarkus-resteasy-jsonb-1.5.2.Final.jar:/Users/jackyng/.m2/repository/io/quarkus/quarkus-jsonb/1.5.2.Final/quarkus-jsonb-1.5.2.Final.jar:/Users/jackyng/.m2/repository/org/eclipse/yasson/1.0.7/yasson-1.0.7.jar:/Users/jackyng/.m2/repository/io/quarkus/quarkus-jsonp/1.5.2.Final/quarkus-jsonp-1.5.2.Final.jar:/Users/jackyng/.m2/repository/org/jboss/resteasy/resteasy-json-binding-provider/4.5.3.Final/resteasy-json-binding-provider-4.5.3.Final.jar:/Users/jackyng/.m2/repository/org/glassfish/jakarta.json/1.1.6/jakarta.json-1.1.6.jar:/Users/jackyng/.m2/repository/jakarta/json/bind/jakarta.json.bind-api/1.0.2/jakarta.json.bind-api-1.0.2.jar:/Users/jackyng/.m2/repository/org/jboss/resteasy/resteasy-json-p-provider/4.5.3.Final/resteasy-json-p-provider-4.5.3.Final.jar:/Users/jackyng/.m2/repository/commons-io/commons-io/2.6/commons-io-2.6.jar:/Users/jackyng/.m2/repository/io/quarkus/quarkus-vertx/1.5.2.Final/quarkus-vertx-1.5.2.Final.jar:/Users/jackyng/.m2/repository/io/quarkus/quarkus-arc/1.5.2.Final/quarkus-arc-1.5.2.Final.jar:/Users/jackyng/.m2/repository/io/quarkus/arc/arc/1.5.2.Final/arc-1.5.2.Final.jar:/Users/jackyng/.m2/repository/jakarta/transaction/jakarta.transaction-api/1.3.3/jakarta.transaction-api-1.3.3.jar:/Users/jackyng/.m2/repository/io/quarkus/quarkus-netty/1.5.2.Final/quarkus-netty-1.5.2.Final.jar:/Users/jackyng/.m2/repository/io/netty/netty-codec/4.1.49.Final/netty-codec-4.1.49.Final.jar:/Users/jackyng/.m2/repository/io/netty/netty-handler/4.1.49.Final/netty-handler-4.1.49.Final.jar:/Users/jackyng/.m2/repository/io/quarkus/quarkus-vertx-core/1.5.2.Final/quarkus-vertx-core-1.5.2.Final.jar:/Users/jackyng/.m2/repository/io/smallrye/reactive/smallrye-axle-generator/0.0.15/smallrye-axle-generator-0.0.15.jar:/Users/jackyng/.m2/repository/org/reactivestreams/reactive-streams/1.0.3/reactive-streams-1.0.3.jar:/Users/jackyng/.m2/repository/io/smallrye/reactive/smallrye-axle-core/0.0.15/smallrye-axle-core-0.0.15.jar:/Users/jackyng/.m2/repository/io/vertx/vertx-rx-java2/3.9.0/vertx-rx-java2-3.9.0.jar:/Users/jackyng/.m2/repository/io/vertx/vertx-rx-gen/3.9.0/vertx-rx-gen-3.9.0.jar:/Users/jackyng/.m2/repository/io/vertx/vertx-codegen/3.9.0/vertx-codegen-3.9.0.jar:/Users/jackyng/.m2/repository/org/mvel/mvel2/2.4.7.Final/mvel2-2.4.7.Final.jar:/Users/jackyng/.m2/repository/io/quarkus/quarkus-mutiny/1.5.2.Final/quarkus-mutiny-1.5.2.Final.jar:/Users/jackyng/.m2/repository/io/quarkus/quarkus-smallrye-context-propagation/1.5.2.Final/quarkus-smallrye-context-propagation-1.5.2.Final.jar:/Users/jackyng/.m2/repository/io/smallrye/smallrye-context-propagation/1.0.13/smallrye-context-propagation-1.0.13.jar:/Users/jackyng/.m2/repository/io/smallrye/smallrye-context-propagation-api/1.0.13/smallrye-context-propagation-api-1.0.13.jar:/Users/jackyng/.m2/repository/io/smallrye/reactive/mutiny-context-propagation/0.5.0/mutiny-context-propagation-0.5.0.jar:/Users/jackyng/.m2/repository/io/smallrye/reactive/smallrye-mutiny-vertx-core/0.0.15/smallrye-mutiny-vertx-core-0.0.15.jar:/Users/jackyng/.m2/repository/io/smallrye/reactive/smallrye-mutiny-vertx-runtime/0.0.15/smallrye-mutiny-vertx-runtime-0.0.15.jar:/Users/jackyng/.m2/repository/io/smallrye/reactive/vertx-mutiny-generator/0.0.15/vertx-mutiny-generator-0.0.15.jar:"/>
    <property name="java.vm.vendor" value="Oracle Corporation"/>
    <property name="sun.arch.data.model" value="64"/>
    <property name="java.vendor.url" value="https://openjdk.java.net/"/>
    <property name="os.name" value="Mac OS X"/>
    <property name="java.vm.specification.version" value="13"/>
    <property name="sun.java.launcher" value="SUN_STANDARD"/>
    <property name="user.country" value="US"/>
    <property name="sun.boot.library.path" value="/usr/local/Cellar/openjdk/13.0.2+8_2/libexec/openjdk.jdk/Contents/Home/lib"/>
    <property name="sun.java.command" value="/Users/jackyng/Desktop/Learning/cp4i-es-squad-financial/es-quarkus-websocket/cp4i-financial-websocket-ms/target/surefire/surefirebooter15707851181437285907.jar /Users/jackyng/Desktop/Learning/cp4i-es-squad-financial/es-quarkus-websocket/cp4i-financial-websocket-ms/target/surefire 2020-06-26T14-32-36_836-jvmRun1 surefire12397907143916873451tmp surefire_017221535325755889935tmp"/>
    <property name="jdk.debug" value="release"/>
    <property name="surefire.test.class.path" value="/Users/jackyng/Desktop/Learning/cp4i-es-squad-financial/es-quarkus-websocket/cp4i-financial-websocket-ms/target/test-classes:/Users/jackyng/Desktop/Learning/cp4i-es-squad-financial/es-quarkus-websocket/cp4i-financial-websocket-ms/target/classes:/Users/jackyng/.m2/repository/io/quarkus/quarkus-resteasy/1.5.2.Final/quarkus-resteasy-1.5.2.Final.jar:/Users/jackyng/.m2/repository/io/quarkus/quarkus-vertx-http/1.5.2.Final/quarkus-vertx-http-1.5.2.Final.jar:/Users/jackyng/.m2/repository/io/quarkus/quarkus-development-mode-spi/1.5.2.Final/quarkus-development-mode-spi-1.5.2.Final.jar:/Users/jackyng/.m2/repository/io/quarkus/security/quarkus-security/1.1.1.Final/quarkus-security-1.1.1.Final.jar:/Users/jackyng/.m2/repository/jakarta/enterprise/jakarta.enterprise.cdi-api/2.0.2/jakarta.enterprise.cdi-api-2.0.2.jar:/Users/jackyng/.m2/repository/jakarta/el/jakarta.el-api/3.0.3/jakarta.el-api-3.0.3.jar:/Users/jackyng/.m2/repository/jakarta/interceptor/jakarta.interceptor-api/1.2.5/jakarta.interceptor-api-1.2.5.jar:/Users/jackyng/.m2/repository/io/vertx/vertx-web/3.9.0/vertx-web-3.9.0.jar:/Users/jackyng/.m2/repository/io/vertx/vertx-web-common/3.9.0/vertx-web-common-3.9.0.jar:/Users/jackyng/.m2/repository/io/vertx/vertx-auth-common/3.9.0/vertx-auth-common-3.9.0.jar:/Users/jackyng/.m2/repository/io/vertx/vertx-bridge-common/3.9.0/vertx-bridge-common-3.9.0.jar:/Users/jackyng/.m2/repository/io/quarkus/quarkus-resteasy-server-common/1.5.2.Final/quarkus-resteasy-server-common-1.5.2.Final.jar:/Users/jackyng/.m2/repository/io/quarkus/quarkus-resteasy-common/1.5.2.Final/quarkus-resteasy-common-1.5.2.Final.jar:/Users/jackyng/.m2/repository/org/jboss/resteasy/resteasy-core/4.5.3.Final/resteasy-core-4.5.3.Final.jar:/Users/jackyng/.m2/repository/org/jboss/spec/javax/ws/rs/jboss-jaxrs-api_2.1_spec/2.0.1.Final/jboss-jaxrs-api_2.1_spec-2.0.1.Final.jar:/Users/jackyng/.m2/repository/org/jboss/spec/javax/xml/bind/jboss-jaxb-api_2.3_spec/2.0.0.Final/jboss-jaxb-api_2.3_spec-2.0.0.Final.jar:/Users/jackyng/.m2/repository/org/jboss/resteasy/resteasy-core-spi/4.5.3.Final/resteasy-core-spi-4.5.3.Final.jar:/Users/jackyng/.m2/repository/org/eclipse/microprofile/config/microprofile-config-api/1.4/microprofile-config-api-1.4.jar:/Users/jackyng/.m2/repository/com/sun/activation/jakarta.activation/1.2.1/jakarta.activation-1.2.1.jar:/Users/jackyng/.m2/repository/jakarta/validation/jakarta.validation-api/2.0.2/jakarta.validation-api-2.0.2.jar:/Users/jackyng/.m2/repository/io/quarkus/quarkus-junit5/1.5.2.Final/quarkus-junit5-1.5.2.Final.jar:/Users/jackyng/.m2/repository/io/quarkus/quarkus-bootstrap-core/1.5.2.Final/quarkus-bootstrap-core-1.5.2.Final.jar:/Users/jackyng/.m2/repository/org/ow2/asm/asm/8.0.1/asm-8.0.1.jar:/Users/jackyng/.m2/repository/org/apache/maven/maven-embedder/3.6.3/maven-embedder-3.6.3.jar:/Users/jackyng/.m2/repository/org/apache/maven/maven-settings/3.6.3/maven-settings-3.6.3.jar:/Users/jackyng/.m2/repository/org/apache/maven/maven-core/3.6.3/maven-core-3.6.3.jar:/Users/jackyng/.m2/repository/org/apache/maven/maven-artifact/3.6.2/maven-artifact-3.6.2.jar:/Users/jackyng/.m2/repository/org/codehaus/plexus/plexus-component-annotations/2.1.0/plexus-component-annotations-2.1.0.jar:/Users/jackyng/.m2/repository/org/apache/maven/maven-plugin-api/3.6.3/maven-plugin-api-3.6.3.jar:/Users/jackyng/.m2/repository/org/apache/maven/maven-model/3.6.3/maven-model-3.6.3.jar:/Users/jackyng/.m2/repository/org/apache/maven/maven-model-builder/3.6.3/maven-model-builder-3.6.3.jar:/Users/jackyng/.m2/repository/org/apache/maven/maven-builder-support/3.6.3/maven-builder-support-3.6.3.jar:/Users/jackyng/.m2/repository/org/apache/maven/resolver/maven-resolver-api/1.4.1/maven-resolver-api-1.4.1.jar:/Users/jackyng/.m2/repository/org/apache/maven/resolver/maven-resolver-util/1.4.1/maven-resolver-util-1.4.1.jar:/Users/jackyng/.m2/repository/org/apache/maven/shared/maven-shared-utils/3.2.1/maven-shared-utils-3.2.1.jar:/Users/jackyng/.m2/repository/com/google/inject/guice/4.2.1/guice-4.2.1-no_aop.jar:/Users/jackyng/.m2/repository/com/google/guava/guava/27.0.1-jre/guava-27.0.1-jre.jar:/Users/jackyng/.m2/repository/com/google/guava/failureaccess/1.0.1/failureaccess-1.0.1.jar:/Users/jackyng/.m2/repository/com/google/guava/listenablefuture/9999.0-empty-to-avoid-conflict-with-guava/listenablefuture-9999.0-empty-to-avoid-conflict-with-guava.jar:/Users/jackyng/.m2/repository/org/codehaus/plexus/plexus-utils/3.2.1/plexus-utils-3.2.1.jar:/Users/jackyng/.m2/repository/org/codehaus/plexus/plexus-classworlds/2.5.2/plexus-classworlds-2.5.2.jar:/Users/jackyng/.m2/repository/commons-cli/commons-cli/1.4/commons-cli-1.4.jar:/Users/jackyng/.m2/repository/org/eclipse/sisu/org.eclipse.sisu.plexus/0.3.4/org.eclipse.sisu.plexus-0.3.4.jar:/Users/jackyng/.m2/repository/org/apache/maven/maven-settings-builder/3.6.3/maven-settings-builder-3.6.3.jar:/Users/jackyng/.m2/repository/org/codehaus/plexus/plexus-interpolation/1.25/plexus-interpolation-1.25.jar:/Users/jackyng/.m2/repository/org/sonatype/plexus/plexus-sec-dispatcher/1.4/plexus-sec-dispatcher-1.4.jar:/Users/jackyng/.m2/repository/org/sonatype/plexus/plexus-cipher/1.4/plexus-cipher-1.4.jar:/Users/jackyng/.m2/repository/org/apache/maven/maven-resolver-provider/3.6.3/maven-resolver-provider-3.6.3.jar:/Users/jackyng/.m2/repository/org/apache/maven/maven-repository-metadata/3.6.3/maven-repository-metadata-3.6.3.jar:/Users/jackyng/.m2/repository/org/apache/maven/resolver/maven-resolver-spi/1.4.1/maven-resolver-spi-1.4.1.jar:/Users/jackyng/.m2/repository/org/apache/maven/resolver/maven-resolver-impl/1.4.1/maven-resolver-impl-1.4.1.jar:/Users/jackyng/.m2/repository/org/apache/maven/resolver/maven-resolver-connector-basic/1.4.1/maven-resolver-connector-basic-1.4.1.jar:/Users/jackyng/.m2/repository/org/apache/maven/resolver/maven-resolver-transport-wagon/1.4.1/maven-resolver-transport-wagon-1.4.1.jar:/Users/jackyng/.m2/repository/org/apache/maven/wagon/wagon-http/3.3.4/wagon-http-3.3.4.jar:/Users/jackyng/.m2/repository/org/apache/maven/wagon/wagon-http-shared/3.3.4/wagon-http-shared-3.3.4.jar:/Users/jackyng/.m2/repository/org/jsoup/jsoup/1.12.1/jsoup-1.12.1.jar:/Users/jackyng/.m2/repository/org/apache/maven/wagon/wagon-provider-api/3.3.4/wagon-provider-api-3.3.4.jar:/Users/jackyng/.m2/repository/org/apache/maven/wagon/wagon-file/3.3.4/wagon-file-3.3.4.jar:/Users/jackyng/.m2/repository/org/jboss/logging/jboss-logging/3.3.2.Final/jboss-logging-3.3.2.Final.jar:/Users/jackyng/.m2/repository/org/jboss/logging/commons-logging-jboss-logging/1.0.0.Final/commons-logging-jboss-logging-1.0.0.Final.jar:/Users/jackyng/.m2/repository/org/eclipse/sisu/org.eclipse.sisu.inject/0.3.4/org.eclipse.sisu.inject-0.3.4.jar:/Users/jackyng/.m2/repository/io/quarkus/quarkus-test-common/1.5.2.Final/quarkus-test-common-1.5.2.Final.jar:/Users/jackyng/.m2/repository/io/quarkus/quarkus-core-deployment/1.5.2.Final/quarkus-core-deployment-1.5.2.Final.jar:/Users/jackyng/.m2/repository/io/quarkus/gizmo/gizmo/1.0.3.Final/gizmo-1.0.3.Final.jar:/Users/jackyng/.m2/repository/org/ow2/asm/asm-util/8.0.1/asm-util-8.0.1.jar:/Users/jackyng/.m2/repository/org/ow2/asm/asm-tree/8.0.1/asm-tree-8.0.1.jar:/Users/jackyng/.m2/repository/org/ow2/asm/asm-analysis/8.0.1/asm-analysis-8.0.1.jar:/Users/jackyng/.m2/repository/io/quarkus/quarkus-builder/1.5.2.Final/quarkus-builder-1.5.2.Final.jar:/Users/jackyng/.m2/repository/io/quarkus/quarkus-jsonp-deployment/1.5.2.Final/quarkus-jsonp-deployment-1.5.2.Final.jar:/Users/jackyng/.m2/repository/org/jboss/jandex/2.1.3.Final/jandex-2.1.3.Final.jar:/Users/jackyng/.m2/repository/org/junit/jupiter/junit-jupiter/5.6.2/junit-jupiter-5.6.2.jar:/Users/jackyng/.m2/repository/org/junit/jupiter/junit-jupiter-api/5.6.2/junit-jupiter-api-5.6.2.jar:/Users/jackyng/.m2/repository/org/apiguardian/apiguardian-api/1.1.0/apiguardian-api-1.1.0.jar:/Users/jackyng/.m2/repository/org/opentest4j/opentest4j/1.2.0/opentest4j-1.2.0.jar:/Users/jackyng/.m2/repository/org/junit/platform/junit-platform-commons/1.6.2/junit-platform-commons-1.6.2.jar:/Users/jackyng/.m2/repository/org/junit/jupiter/junit-jupiter-params/5.6.2/junit-jupiter-params-5.6.2.jar:/Users/jackyng/.m2/repository/org/junit/jupiter/junit-jupiter-engine/5.6.2/junit-jupiter-engine-5.6.2.jar:/Users/jackyng/.m2/repository/org/junit/platform/junit-platform-engine/1.6.2/junit-platform-engine-1.6.2.jar:/Users/jackyng/.m2/repository/io/quarkus/quarkus-core/1.5.2.Final/quarkus-core-1.5.2.Final.jar:/Users/jackyng/.m2/repository/jakarta/inject/jakarta.inject-api/1.0/jakarta.inject-api-1.0.jar:/Users/jackyng/.m2/repository/io/quarkus/quarkus-ide-launcher/1.5.2.Final/quarkus-ide-launcher-1.5.2.Final.jar:/Users/jackyng/.m2/repository/io/smallrye/config/smallrye-config/1.7.0/smallrye-config-1.7.0.jar:/Users/jackyng/.m2/repository/io/smallrye/config/smallrye-config-common/1.7.0/smallrye-config-common-1.7.0.jar:/Users/jackyng/.m2/repository/org/jboss/logmanager/jboss-logmanager-embedded/1.0.4/jboss-logmanager-embedded-1.0.4.jar:/Users/jackyng/.m2/repository/org/jboss/logging/jboss-logging-annotations/2.1.0.Final/jboss-logging-annotations-2.1.0.Final.jar:/Users/jackyng/.m2/repository/org/jboss/threads/jboss-threads/3.1.1.Final/jboss-threads-3.1.1.Final.jar:/Users/jackyng/.m2/repository/org/slf4j/slf4j-api/1.7.30/slf4j-api-1.7.30.jar:/Users/jackyng/.m2/repository/org/jboss/slf4j/slf4j-jboss-logging/1.2.0.Final/slf4j-jboss-logging-1.2.0.Final.jar:/Users/jackyng/.m2/repository/org/graalvm/sdk/graal-sdk/19.3.1/graal-sdk-19.3.1.jar:/Users/jackyng/.m2/repository/org/wildfly/common/wildfly-common/1.5.4.Final-format-001/wildfly-common-1.5.4.Final-format-001.jar:/Users/jackyng/.m2/repository/io/quarkus/quarkus-bootstrap-runner/1.5.2.Final/quarkus-bootstrap-runner-1.5.2.Final.jar:/Users/jackyng/.m2/repository/com/thoughtworks/xstream/xstream/1.4.11.1/xstream-1.4.11.1.jar:/Users/jackyng/.m2/repository/xmlpull/xmlpull/1.1.3.1/xmlpull-1.1.3.1.jar:/Users/jackyng/.m2/repository/xpp3/xpp3_min/1.1.4c/xpp3_min-1.1.4c.jar:/Users/jackyng/.m2/repository/io/rest-assured/rest-assured/4.3.0/rest-assured-4.3.0.jar:/Users/jackyng/.m2/repository/org/codehaus/groovy/groovy/3.0.2/groovy-3.0.2.jar:/Users/jackyng/.m2/repository/org/codehaus/groovy/groovy-xml/3.0.2/groovy-xml-3.0.2.jar:/Users/jackyng/.m2/repository/org/apache/httpcomponents/httpclient/4.5.12/httpclient-4.5.12.jar:/Users/jackyng/.m2/repository/org/apache/httpcomponents/httpcore/4.4.13/httpcore-4.4.13.jar:/Users/jackyng/.m2/repository/commons-codec/commons-codec/1.14/commons-codec-1.14.jar:/Users/jackyng/.m2/repository/org/apache/httpcomponents/httpmime/4.5.3/httpmime-4.5.3.jar:/Users/jackyng/.m2/repository/org/hamcrest/hamcrest/2.1/hamcrest-2.1.jar:/Users/jackyng/.m2/repository/org/ccil/cowan/tagsoup/tagsoup/1.2.1/tagsoup-1.2.1.jar:/Users/jackyng/.m2/repository/io/rest-assured/json-path/4.3.0/json-path-4.3.0.jar:/Users/jackyng/.m2/repository/org/codehaus/groovy/groovy-json/3.0.2/groovy-json-3.0.2.jar:/Users/jackyng/.m2/repository/io/rest-assured/rest-assured-common/4.3.0/rest-assured-common-4.3.0.jar:/Users/jackyng/.m2/repository/io/rest-assured/xml-path/4.3.0/xml-path-4.3.0.jar:/Users/jackyng/.m2/repository/org/apache/commons/commons-lang3/3.9/commons-lang3-3.9.jar:/Users/jackyng/.m2/repository/jakarta/xml/bind/jakarta.xml.bind-api/2.3.2/jakarta.xml.bind-api-2.3.2.jar:/Users/jackyng/.m2/repository/jakarta/activation/jakarta.activation-api/1.2.1/jakarta.activation-api-1.2.1.jar:/Users/jackyng/.m2/repository/org/apache/sling/org.apache.sling.javax.activation/0.1.0/org.apache.sling.javax.activation-0.1.0.jar:/Users/jackyng/.m2/repository/io/quarkus/quarkus-undertow-websockets/1.5.2.Final/quarkus-undertow-websockets-1.5.2.Final.jar:/Users/jackyng/.m2/repository/io/quarkus/quarkus-undertow/1.5.2.Final/quarkus-undertow-1.5.2.Final.jar:/Users/jackyng/.m2/repository/io/quarkus/http/quarkus-http-servlet/3.0.9.Final/quarkus-http-servlet-3.0.9.Final.jar:/Users/jackyng/.m2/repository/jakarta/servlet/jakarta.servlet-api/4.0.3/jakarta.servlet-api-4.0.3.jar:/Users/jackyng/.m2/repository/io/quarkus/http/quarkus-http-vertx-backend/3.0.9.Final/quarkus-http-vertx-backend-3.0.9.Final.jar:/Users/jackyng/.m2/repository/io/quarkus/http/quarkus-http-http-core/3.0.9.Final/quarkus-http-http-core-3.0.9.Final.jar:/Users/jackyng/.m2/repository/io/quarkus/http/quarkus-http-core/3.0.9.Final/quarkus-http-core-3.0.9.Final.jar:/Users/jackyng/.m2/repository/io/netty/netty-codec-http/4.1.49.Final/netty-codec-http-4.1.49.Final.jar:/Users/jackyng/.m2/repository/org/eclipse/microprofile/context-propagation/microprofile-context-propagation-api/1.0.1/microprofile-context-propagation-api-1.0.1.jar:/Users/jackyng/.m2/repository/io/quarkus/http/quarkus-http-websockets-jsr/3.0.9.Final/quarkus-http-websockets-jsr-3.0.9.Final.jar:/Users/jackyng/.m2/repository/jakarta/websocket/jakarta.websocket-api/1.1.2/jakarta.websocket-api-1.1.2.jar:/Users/jackyng/.m2/repository/io/quarkus/quarkus-smallrye-reactive-messaging-kafka/1.5.2.Final/quarkus-smallrye-reactive-messaging-kafka-1.5.2.Final.jar:/Users/jackyng/.m2/repository/io/quarkus/quarkus-kafka-client/1.5.2.Final/quarkus-kafka-client-1.5.2.Final.jar:/Users/jackyng/.m2/repository/io/smallrye/reactive/smallrye-reactive-messaging-kafka/2.0.3/smallrye-reactive-messaging-kafka-2.0.3.jar:/Users/jackyng/.m2/repository/io/smallrye/reactive/smallrye-mutiny-vertx-kafka-client/0.0.15/smallrye-mutiny-vertx-kafka-client-0.0.15.jar:/Users/jackyng/.m2/repository/org/apache/zookeeper/zookeeper/3.5.7/zookeeper-3.5.7.jar:/Users/jackyng/.m2/repository/org/apache/zookeeper/zookeeper-jute/3.5.7/zookeeper-jute-3.5.7.jar:/Users/jackyng/.m2/repository/org/apache/yetus/audience-annotations/0.5.0/audience-annotations-0.5.0.jar:/Users/jackyng/.m2/repository/io/netty/netty-transport-native-epoll/4.1.49.Final/netty-transport-native-epoll-4.1.49.Final.jar:/Users/jackyng/.m2/repository/io/netty/netty-transport-native-unix-common/4.1.49.Final/netty-transport-native-unix-common-4.1.49.Final.jar:/Users/jackyng/.m2/repository/io/smallrye/reactive/mutiny/0.5.0/mutiny-0.5.0.jar:/Users/jackyng/.m2/repository/io/smallrye/reactive/smallrye-reactive-converter-api/1.0.12/smallrye-reactive-converter-api-1.0.12.jar:/Users/jackyng/.m2/repository/org/eclipse/microprofile/reactive-streams-operators/microprofile-reactive-streams-operators-api/1.0.1/microprofile-reactive-streams-operators-api-1.0.1.jar:/Users/jackyng/.m2/repository/org/eclipse/microprofile/reactive-streams-operators/microprofile-reactive-streams-operators-core/1.0.1/microprofile-reactive-streams-operators-core-1.0.1.jar:/Users/jackyng/.m2/repository/io/quarkus/quarkus-jackson/1.5.2.Final/quarkus-jackson-1.5.2.Final.jar:/Users/jackyng/.m2/repository/com/fasterxml/jackson/core/jackson-databind/2.10.4/jackson-databind-2.10.4.jar:/Users/jackyng/.m2/repository/com/fasterxml/jackson/core/jackson-annotations/2.10.4/jackson-annotations-2.10.4.jar:/Users/jackyng/.m2/repository/com/fasterxml/jackson/core/jackson-core/2.10.4/jackson-core-2.10.4.jar:/Users/jackyng/.m2/repository/com/fasterxml/jackson/datatype/jackson-datatype-jsr310/2.10.4/jackson-datatype-jsr310-2.10.4.jar:/Users/jackyng/.m2/repository/com/fasterxml/jackson/datatype/jackson-datatype-jdk8/2.10.4/jackson-datatype-jdk8-2.10.4.jar:/Users/jackyng/.m2/repository/com/fasterxml/jackson/module/jackson-module-parameter-names/2.10.4/jackson-module-parameter-names-2.10.4.jar:/Users/jackyng/.m2/repository/org/apache/kafka/kafka-clients/2.5.0/kafka-clients-2.5.0.jar:/Users/jackyng/.m2/repository/com/github/luben/zstd-jni/1.4.4-7/zstd-jni-1.4.4-7.jar:/Users/jackyng/.m2/repository/org/lz4/lz4-java/1.7.1/lz4-java-1.7.1.jar:/Users/jackyng/.m2/repository/org/xerial/snappy/snappy-java/1.1.7.3/snappy-java-1.1.7.3.jar:/Users/jackyng/.m2/repository/io/vertx/vertx-kafka-client/3.9.0/vertx-kafka-client-3.9.0.jar:/Users/jackyng/.m2/repository/io/vertx/vertx-core/3.9.0/vertx-core-3.9.0.jar:/Users/jackyng/.m2/repository/io/netty/netty-common/4.1.49.Final/netty-common-4.1.49.Final.jar:/Users/jackyng/.m2/repository/io/netty/netty-buffer/4.1.49.Final/netty-buffer-4.1.49.Final.jar:/Users/jackyng/.m2/repository/io/netty/netty-transport/4.1.49.Final/netty-transport-4.1.49.Final.jar:/Users/jackyng/.m2/repository/io/netty/netty-handler-proxy/4.1.49.Final/netty-handler-proxy-4.1.49.Final.jar:/Users/jackyng/.m2/repository/io/netty/netty-codec-socks/4.1.49.Final/netty-codec-socks-4.1.49.Final.jar:/Users/jackyng/.m2/repository/io/netty/netty-codec-http2/4.1.49.Final/netty-codec-http2-4.1.49.Final.jar:/Users/jackyng/.m2/repository/io/netty/netty-resolver/4.1.49.Final/netty-resolver-4.1.49.Final.jar:/Users/jackyng/.m2/repository/io/netty/netty-resolver-dns/4.1.49.Final/netty-resolver-dns-4.1.49.Final.jar:/Users/jackyng/.m2/repository/io/netty/netty-codec-dns/4.1.49.Final/netty-codec-dns-4.1.49.Final.jar:/Users/jackyng/.m2/repository/io/quarkus/quarkus-smallrye-reactive-messaging/1.5.2.Final/quarkus-smallrye-reactive-messaging-1.5.2.Final.jar:/Users/jackyng/.m2/repository/io/quarkus/quarkus-mutiny-reactive-streams-operators/1.5.2.Final/quarkus-mutiny-reactive-streams-operators-1.5.2.Final.jar:/Users/jackyng/.m2/repository/io/smallrye/reactive/mutiny-reactive-streams-operators/0.5.0/mutiny-reactive-streams-operators-0.5.0.jar:/Users/jackyng/.m2/repository/io/reactivex/rxjava2/rxjava/2.2.19/rxjava-2.2.19.jar:/Users/jackyng/.m2/repository/io/smallrye/reactive/smallrye-reactive-messaging-provider/2.0.3/smallrye-reactive-messaging-provider-2.0.3.jar:/Users/jackyng/.m2/repository/io/smallrye/reactive/smallrye-reactive-messaging-api/2.0.3/smallrye-reactive-messaging-api-2.0.3.jar:/Users/jackyng/.m2/repository/jakarta/annotation/jakarta.annotation-api/1.3.5/jakarta.annotation-api-1.3.5.jar:/Users/jackyng/.m2/repository/io/quarkus/quarkus-resteasy-jsonb/1.5.2.Final/quarkus-resteasy-jsonb-1.5.2.Final.jar:/Users/jackyng/.m2/repository/io/quarkus/quarkus-jsonb/1.5.2.Final/quarkus-jsonb-1.5.2.Final.jar:/Users/jackyng/.m2/repository/org/eclipse/yasson/1.0.7/yasson-1.0.7.jar:/Users/jackyng/.m2/repository/io/quarkus/quarkus-jsonp/1.5.2.Final/quarkus-jsonp-1.5.2.Final.jar:/Users/jackyng/.m2/repository/org/jboss/resteasy/resteasy-json-binding-provider/4.5.3.Final/resteasy-json-binding-provider-4.5.3.Final.jar:/Users/jackyng/.m2/repository/org/glassfish/jakarta.json/1.1.6/jakarta.json-1.1.6.jar:/Users/jackyng/.m2/repository/jakarta/json/bind/jakarta.json.bind-api/1.0.2/jakarta.json.bind-api-1.0.2.jar:/Users/jackyng/.m2/repository/org/jboss/resteasy/resteasy-json-p-provider/4.5.3.Final/resteasy-json-p-provider-4.5.3.Final.jar:/Users/jackyng/.m2/repository/commons-io/commons-io/2.6/commons-io-2.6.jar:/Users/jackyng/.m2/repository/io/quarkus/quarkus-vertx/1.5.2.Final/quarkus-vertx-1.5.2.Final.jar:/Users/jackyng/.m2/repository/io/quarkus/quarkus-arc/1.5.2.Final/quarkus-arc-1.5.2.Final.jar:/Users/jackyng/.m2/repository/io/quarkus/arc/arc/1.5.2.Final/arc-1.5.2.Final.jar:/Users/jackyng/.m2/repository/jakarta/transaction/jakarta.transaction-api/1.3.3/jakarta.transaction-api-1.3.3.jar:/Users/jackyng/.m2/repository/io/quarkus/quarkus-netty/1.5.2.Final/quarkus-netty-1.5.2.Final.jar:/Users/jackyng/.m2/repository/io/netty/netty-codec/4.1.49.Final/netty-codec-4.1.49.Final.jar:/Users/jackyng/.m2/repository/io/netty/netty-handler/4.1.49.Final/netty-handler-4.1.49.Final.jar:/Users/jackyng/.m2/repository/io/quarkus/quarkus-vertx-core/1.5.2.Final/quarkus-vertx-core-1.5.2.Final.jar:/Users/jackyng/.m2/repository/io/smallrye/reactive/smallrye-axle-generator/0.0.15/smallrye-axle-generator-0.0.15.jar:/Users/jackyng/.m2/repository/org/reactivestreams/reactive-streams/1.0.3/reactive-streams-1.0.3.jar:/Users/jackyng/.m2/repository/io/smallrye/reactive/smallrye-axle-core/0.0.15/smallrye-axle-core-0.0.15.jar:/Users/jackyng/.m2/repository/io/vertx/vertx-rx-java2/3.9.0/vertx-rx-java2-3.9.0.jar:/Users/jackyng/.m2/repository/io/vertx/vertx-rx-gen/3.9.0/vertx-rx-gen-3.9.0.jar:/Users/jackyng/.m2/repository/io/vertx/vertx-codegen/3.9.0/vertx-codegen-3.9.0.jar:/Users/jackyng/.m2/repository/org/mvel/mvel2/2.4.7.Final/mvel2-2.4.7.Final.jar:/Users/jackyng/.m2/repository/io/quarkus/quarkus-mutiny/1.5.2.Final/quarkus-mutiny-1.5.2.Final.jar:/Users/jackyng/.m2/repository/io/quarkus/quarkus-smallrye-context-propagation/1.5.2.Final/quarkus-smallrye-context-propagation-1.5.2.Final.jar:/Users/jackyng/.m2/repository/io/smallrye/smallrye-context-propagation/1.0.13/smallrye-context-propagation-1.0.13.jar:/Users/jackyng/.m2/repository/io/smallrye/smallrye-context-propagation-api/1.0.13/smallrye-context-propagation-api-1.0.13.jar:/Users/jackyng/.m2/repository/io/smallrye/reactive/mutiny-context-propagation/0.5.0/mutiny-context-propagation-0.5.0.jar:/Users/jackyng/.m2/repository/io/smallrye/reactive/smallrye-mutiny-vertx-core/0.0.15/smallrye-mutiny-vertx-core-0.0.15.jar:/Users/jackyng/.m2/repository/io/smallrye/reactive/smallrye-mutiny-vertx-runtime/0.0.15/smallrye-mutiny-vertx-runtime-0.0.15.jar:/Users/jackyng/.m2/repository/io/smallrye/reactive/vertx-mutiny-generator/0.0.15/vertx-mutiny-generator-0.0.15.jar:"/>
    <property name="sun.cpu.endian" value="little"/>
    <property name="user.home" value="/Users/jackyng"/>
    <property name="user.language" value="en"/>
    <property name="java.specification.vendor" value="Oracle Corporation"/>
    <property name="java.version.date" value="2020-01-14"/>
    <property name="java.home" value="/usr/local/Cellar/openjdk/13.0.2+8_2/libexec/openjdk.jdk/Contents/Home"/>
    <property name="file.separator" value="/"/>
    <property name="basedir" value="/Users/jackyng/Desktop/Learning/cp4i-es-squad-financial/es-quarkus-websocket/cp4i-financial-websocket-ms"/>
    <property name="java.vm.compressedOopsMode" value="Zero based"/>
    <property name="line.separator" value="&#10;"/>
    <property name="java.vm.specification.vendor" value="Oracle Corporation"/>
    <property name="java.specification.name" value="Java Platform API Specification"/>
    <property name="surefire.real.class.path" value="/Users/jackyng/Desktop/Learning/cp4i-es-squad-financial/es-quarkus-websocket/cp4i-financial-websocket-ms/target/surefire/surefirebooter15707851181437285907.jar"/>
    <property name="sun.management.compiler" value="HotSpot 64-Bit Tiered Compilers"/>
    <property name="java.runtime.version" value="13.0.2+8"/>
    <property name="user.name" value="jackyng"/>
    <property name="path.separator" value=":"/>
    <property name="os.version" value="10.15.3"/>
    <property name="java.runtime.name" value="OpenJDK Runtime Environment"/>
    <property name="file.encoding" value="UTF-8"/>
    <property name="java.vm.name" value="OpenJDK 64-Bit Server VM"/>
    <property name="localRepository" value="/Users/jackyng/.m2/repository"/>
    <property name="java.vendor.url.bug" value="https://bugreport.java.com/bugreport/"/>
    <property name="java.io.tmpdir" value="/var/folders/sj/z4l2qg5n4_x5b7ld6z3fktfm0000gn/T/"/>
    <property name="java.version" value="13.0.2"/>
    <property name="user.dir" value="/Users/jackyng/Desktop/Learning/cp4i-es-squad-financial/es-quarkus-websocket/cp4i-financial-websocket-ms"/>
    <property name="os.arch" value="x86_64"/>
    <property name="java.vm.specification.name" value="Java Virtual Machine Specification"/>
    <property name="java.util.logging.manager" value="org.jboss.logmanager.LogManager"/>
    <property name="java.library.path" value="/Users/jackyng/Library/Java/Extensions:/Library/Java/Extensions:/Network/Library/Java/Extensions:/System/Library/Java/Extensions:/usr/lib/java:."/>
    <property name="java.vm.info" value="mixed mode, sharing"/>
    <property name="java.vendor" value="N/A"/>
    <property name="java.vm.version" value="13.0.2+8"/>
    <property name="sun.io.unicode.encoding" value="UnicodeBig"/>
    <property name="java.class.version" value="57.0"/>
  </properties>
  <testcase name="testHelloEndpoint" classname="icom.ibm.garage.cpat.cp4i.WebSocket.WebSocketTest" time="0.002">
    <error message="java.lang.RuntimeException: Failed to start quarkus" type="java.lang.RuntimeException">java.lang.RuntimeException: java.lang.RuntimeException: Failed to start quarkus
Caused by: java.lang.RuntimeException: Failed to start quarkus
Caused by: javax.enterprise.inject.spi.DeploymentException: java.util.NoSuchElementException: Cannot find attribute `bootstrap.servers` for channel `pre-final-check`. Has been tried: mp.messaging.incoming.pre-final-check.bootstrap.servers and mp.messaging.connector.smallrye-kafka.bootstrap.servers
Caused by: java.util.NoSuchElementException: Cannot find attribute `bootstrap.servers` for channel `pre-final-check`. Has been tried: mp.messaging.incoming.pre-final-check.bootstrap.servers and mp.messaging.connector.smallrye-kafka.bootstrap.servers
</error>
    <system-out><![CDATA[2020-06-26 14:32:40,340 WARN  [io.qua.dep.ste.ReflectiveHierarchyStep] (build-5) Unable to properly register the hierarchy of the following classes for reflection as they are not in the Jandex index:
	- javax.security.auth.Subject
	- javax.security.auth.login.AppConfigurationEntry
	- javax.security.auth.spi.LoginModule
	- org.slf4j.Logger
	- org.slf4j.spi.LocationAwareLogger
Consider adding them to the index either by creating a Jandex index for your dependency via the Maven plugin, an empty META-INF/beans.xml or quarkus.index-dependency properties.");.
2020-06-26 14:32:40,869 INFO  [io.und.web.jsr] (main) UT026003: Adding annotated server endpoint class com.ibm.garage.cpat.cp4i.WebSocket.WebSocket for path /validatedmessages
2020-06-26 14:32:41,058 INFO  [io.sma.rea.mes.ext.MediatorManager] (main) Deployment done... start processing
2020-06-26 14:32:41,061 INFO  [io.sma.rea.mes.imp.ConfiguredChannelFactory] (main) Found incoming connectors: [smallrye-kafka]
2020-06-26 14:32:41,061 INFO  [io.sma.rea.mes.imp.ConfiguredChannelFactory] (main) Found outgoing connectors: [smallrye-kafka]
2020-06-26 14:32:41,061 INFO  [io.sma.rea.mes.imp.ConfiguredChannelFactory] (main) Channel manager initializing...
Merging config with {}
2020-06-26 14:32:41,070 ERROR [io.sma.rea.mes.imp.ConfiguredChannelFactory] (main) Unable to create the publisher or subscriber during initialization: java.util.NoSuchElementException: Cannot find attribute `bootstrap.servers` for channel `pre-final-check`. Has been tried: mp.messaging.incoming.pre-final-check.bootstrap.servers and mp.messaging.connector.smallrye-kafka.bootstrap.servers
	at io.smallrye.reactive.messaging.impl.ConnectorConfig.getValue(ConnectorConfig.java:72)
	at io.smallrye.reactive.messaging.kafka.KafkaConnector$1.getValue(KafkaConnector.java:114)
	at io.smallrye.reactive.messaging.kafka.impl.JsonHelper.asJsonObject(JsonHelper.java:14)
	at io.smallrye.reactive.messaging.kafka.impl.KafkaSource.<init>(KafkaSource.java:36)
	at io.smallrye.reactive.messaging.kafka.KafkaConnector.getPublisherBuilder(KafkaConnector.java:89)
	at io.smallrye.reactive.messaging.kafka.KafkaConnector_ClientProxy.getPublisherBuilder(KafkaConnector_ClientProxy.zig:324)
	at io.smallrye.reactive.messaging.impl.ConfiguredChannelFactory.createPublisherBuilder(ConfiguredChannelFactory.java:171)
	at io.smallrye.reactive.messaging.impl.ConfiguredChannelFactory.lambda$register$5(ConfiguredChannelFactory.java:149)
	at java.base/java.util.HashMap.forEach(HashMap.java:1338)
	at io.smallrye.reactive.messaging.impl.ConfiguredChannelFactory.register(ConfiguredChannelFactory.java:149)
	at io.smallrye.reactive.messaging.impl.ConfiguredChannelFactory.initialize(ConfiguredChannelFactory.java:123)
	at io.smallrye.reactive.messaging.impl.ConfiguredChannelFactory_ClientProxy.initialize(ConfiguredChannelFactory_ClientProxy.zig:265)
	at java.base/java.util.Iterator.forEachRemaining(Iterator.java:133)
	at java.base/java.util.Spliterators$IteratorSpliterator.forEachRemaining(Spliterators.java:1801)
	at java.base/java.util.stream.ReferencePipeline$Head.forEach(ReferencePipeline.java:658)
	at io.smallrye.reactive.messaging.extension.MediatorManager.initializeAndRun(MediatorManager.java:160)
	at io.smallrye.reactive.messaging.extension.MediatorManager_ClientProxy.initializeAndRun(MediatorManager_ClientProxy.zig:260)
	at io.quarkus.smallrye.reactivemessaging.runtime.SmallRyeReactiveMessagingLifecycle.onApplicationStart(SmallRyeReactiveMessagingLifecycle.java:20)
	at io.quarkus.smallrye.reactivemessaging.runtime.SmallRyeReactiveMessagingLifecycle_Observer_onApplicationStart_4e8937813d9e8faff65c3c07f88fa96615b70e70.notify(SmallRyeReactiveMessagingLifecycle_Observer_onApplicationStart_4e8937813d9e8faff65c3c07f88fa96615b70e70.zig:111)
	at io.quarkus.arc.impl.EventImpl$Notifier.notifyObservers(EventImpl.java:282)
	at io.quarkus.arc.impl.EventImpl$Notifier.notify(EventImpl.java:267)
	at io.quarkus.arc.impl.EventImpl.fire(EventImpl.java:69)
	at io.quarkus.arc.runtime.LifecycleEventRunner.fireStartupEvent(LifecycleEventRunner.java:23)
	at io.quarkus.arc.runtime.ArcRecorder.handleLifecycleEvents(ArcRecorder.java:113)
	at io.quarkus.deployment.steps.LifecycleEventsBuildStep$startupEvent-858218658.deploy_0(LifecycleEventsBuildStep$startupEvent-858218658.zig:77)
	at io.quarkus.deployment.steps.LifecycleEventsBuildStep$startupEvent-858218658.deploy(LifecycleEventsBuildStep$startupEvent-858218658.zig:36)
	at io.quarkus.runner.ApplicationImpl.doStart(ApplicationImpl.zig:386)
	at io.quarkus.runtime.Application.start(Application.java:90)
	at java.base/jdk.internal.reflect.NativeMethodAccessorImpl.invoke0(Native Method)
	at java.base/jdk.internal.reflect.NativeMethodAccessorImpl.invoke(NativeMethodAccessorImpl.java:62)
	at java.base/jdk.internal.reflect.DelegatingMethodAccessorImpl.invoke(DelegatingMethodAccessorImpl.java:43)
	at java.base/java.lang.reflect.Method.invoke(Method.java:567)
	at io.quarkus.runner.bootstrap.StartupActionImpl.run(StartupActionImpl.java:222)
	at io.quarkus.test.junit.QuarkusTestExtension.doJavaStart(QuarkusTestExtension.java:156)
	at io.quarkus.test.junit.QuarkusTestExtension.ensureStarted(QuarkusTestExtension.java:297)
	at io.quarkus.test.junit.QuarkusTestExtension.beforeAll(QuarkusTestExtension.java:330)
	at org.junit.jupiter.engine.descriptor.ClassBasedTestDescriptor.lambda$invokeBeforeAllCallbacks$7(ClassBasedTestDescriptor.java:359)
	at org.junit.platform.engine.support.hierarchical.ThrowableCollector.execute(ThrowableCollector.java:73)
	at org.junit.jupiter.engine.descriptor.ClassBasedTestDescriptor.invokeBeforeAllCallbacks(ClassBasedTestDescriptor.java:359)
	at org.junit.jupiter.engine.descriptor.ClassBasedTestDescriptor.before(ClassBasedTestDescriptor.java:189)
	at org.junit.jupiter.engine.descriptor.ClassBasedTestDescriptor.before(ClassBasedTestDescriptor.java:78)
	at org.junit.platform.engine.support.hierarchical.NodeTestTask.lambda$executeRecursively$5(NodeTestTask.java:132)
	at org.junit.platform.engine.support.hierarchical.ThrowableCollector.execute(ThrowableCollector.java:73)
	at org.junit.platform.engine.support.hierarchical.NodeTestTask.lambda$executeRecursively$7(NodeTestTask.java:125)
	at org.junit.platform.engine.support.hierarchical.Node.around(Node.java:135)
	at org.junit.platform.engine.support.hierarchical.NodeTestTask.lambda$executeRecursively$8(NodeTestTask.java:123)
	at org.junit.platform.engine.support.hierarchical.ThrowableCollector.execute(ThrowableCollector.java:73)
	at org.junit.platform.engine.support.hierarchical.NodeTestTask.executeRecursively(NodeTestTask.java:122)
	at org.junit.platform.engine.support.hierarchical.NodeTestTask.execute(NodeTestTask.java:80)
	at java.base/java.util.ArrayList.forEach(ArrayList.java:1507)
	at org.junit.platform.engine.support.hierarchical.SameThreadHierarchicalTestExecutorService.invokeAll(SameThreadHierarchicalTestExecutorService.java:38)
	at org.junit.platform.engine.support.hierarchical.NodeTestTask.lambda$executeRecursively$5(NodeTestTask.java:139)
	at org.junit.platform.engine.support.hierarchical.ThrowableCollector.execute(ThrowableCollector.java:73)
	at org.junit.platform.engine.support.hierarchical.NodeTestTask.lambda$executeRecursively$7(NodeTestTask.java:125)
	at org.junit.platform.engine.support.hierarchical.Node.around(Node.java:135)
	at org.junit.platform.engine.support.hierarchical.NodeTestTask.lambda$executeRecursively$8(NodeTestTask.java:123)
	at org.junit.platform.engine.support.hierarchical.ThrowableCollector.execute(ThrowableCollector.java:73)
	at org.junit.platform.engine.support.hierarchical.NodeTestTask.executeRecursively(NodeTestTask.java:122)
	at org.junit.platform.engine.support.hierarchical.NodeTestTask.execute(NodeTestTask.java:80)
	at org.junit.platform.engine.support.hierarchical.SameThreadHierarchicalTestExecutorService.submit(SameThreadHierarchicalTestExecutorService.java:32)
	at org.junit.platform.engine.support.hierarchical.HierarchicalTestExecutor.execute(HierarchicalTestExecutor.java:57)
	at org.junit.platform.engine.support.hierarchical.HierarchicalTestEngine.execute(HierarchicalTestEngine.java:51)
	at org.junit.platform.launcher.core.DefaultLauncher.execute(DefaultLauncher.java:220)
	at org.junit.platform.launcher.core.DefaultLauncher.lambda$execute$6(DefaultLauncher.java:188)
	at org.junit.platform.launcher.core.DefaultLauncher.withInterceptedStreams(DefaultLauncher.java:202)
	at org.junit.platform.launcher.core.DefaultLauncher.execute(DefaultLauncher.java:181)
	at org.junit.platform.launcher.core.DefaultLauncher.execute(DefaultLauncher.java:128)
	at org.apache.maven.surefire.junitplatform.JUnitPlatformProvider.invokeAllTests(JUnitPlatformProvider.java:142)
	at org.apache.maven.surefire.junitplatform.JUnitPlatformProvider.invoke(JUnitPlatformProvider.java:117)
	at org.apache.maven.surefire.booter.ForkedBooter.invokeProviderInSameClassLoader(ForkedBooter.java:384)
	at org.apache.maven.surefire.booter.ForkedBooter.runSuitesInProcess(ForkedBooter.java:345)
	at org.apache.maven.surefire.booter.ForkedBooter.execute(ForkedBooter.java:126)
	at org.apache.maven.surefire.booter.ForkedBooter.main(ForkedBooter.java:418)

2020-06-26 14:32:41,073 ERROR [io.qua.application] (main) Failed to start application: javax.enterprise.inject.spi.DeploymentException: java.util.NoSuchElementException: Cannot find attribute `bootstrap.servers` for channel `pre-final-check`. Has been tried: mp.messaging.incoming.pre-final-check.bootstrap.servers and mp.messaging.connector.smallrye-kafka.bootstrap.servers
	at io.quarkus.smallrye.reactivemessaging.runtime.SmallRyeReactiveMessagingLifecycle.onApplicationStart(SmallRyeReactiveMessagingLifecycle.java:22)
	at io.quarkus.smallrye.reactivemessaging.runtime.SmallRyeReactiveMessagingLifecycle_Observer_onApplicationStart_4e8937813d9e8faff65c3c07f88fa96615b70e70.notify(SmallRyeReactiveMessagingLifecycle_Observer_onApplicationStart_4e8937813d9e8faff65c3c07f88fa96615b70e70.zig:111)
	at io.quarkus.arc.impl.EventImpl$Notifier.notifyObservers(EventImpl.java:282)
	at io.quarkus.arc.impl.EventImpl$Notifier.notify(EventImpl.java:267)
	at io.quarkus.arc.impl.EventImpl.fire(EventImpl.java:69)
	at io.quarkus.arc.runtime.LifecycleEventRunner.fireStartupEvent(LifecycleEventRunner.java:23)
	at io.quarkus.arc.runtime.ArcRecorder.handleLifecycleEvents(ArcRecorder.java:113)
	at io.quarkus.deployment.steps.LifecycleEventsBuildStep$startupEvent-858218658.deploy_0(LifecycleEventsBuildStep$startupEvent-858218658.zig:77)
	at io.quarkus.deployment.steps.LifecycleEventsBuildStep$startupEvent-858218658.deploy(LifecycleEventsBuildStep$startupEvent-858218658.zig:36)
	at io.quarkus.runner.ApplicationImpl.doStart(ApplicationImpl.zig:386)
	at io.quarkus.runtime.Application.start(Application.java:90)
	at java.base/jdk.internal.reflect.NativeMethodAccessorImpl.invoke0(Native Method)
	at java.base/jdk.internal.reflect.NativeMethodAccessorImpl.invoke(NativeMethodAccessorImpl.java:62)
	at java.base/jdk.internal.reflect.DelegatingMethodAccessorImpl.invoke(DelegatingMethodAccessorImpl.java:43)
	at java.base/java.lang.reflect.Method.invoke(Method.java:567)
	at io.quarkus.runner.bootstrap.StartupActionImpl.run(StartupActionImpl.java:222)
	at io.quarkus.test.junit.QuarkusTestExtension.doJavaStart(QuarkusTestExtension.java:156)
	at io.quarkus.test.junit.QuarkusTestExtension.ensureStarted(QuarkusTestExtension.java:297)
	at io.quarkus.test.junit.QuarkusTestExtension.beforeAll(QuarkusTestExtension.java:330)
	at org.junit.jupiter.engine.descriptor.ClassBasedTestDescriptor.lambda$invokeBeforeAllCallbacks$7(ClassBasedTestDescriptor.java:359)
	at org.junit.platform.engine.support.hierarchical.ThrowableCollector.execute(ThrowableCollector.java:73)
	at org.junit.jupiter.engine.descriptor.ClassBasedTestDescriptor.invokeBeforeAllCallbacks(ClassBasedTestDescriptor.java:359)
	at org.junit.jupiter.engine.descriptor.ClassBasedTestDescriptor.before(ClassBasedTestDescriptor.java:189)
	at org.junit.jupiter.engine.descriptor.ClassBasedTestDescriptor.before(ClassBasedTestDescriptor.java:78)
	at org.junit.platform.engine.support.hierarchical.NodeTestTask.lambda$executeRecursively$5(NodeTestTask.java:132)
	at org.junit.platform.engine.support.hierarchical.ThrowableCollector.execute(ThrowableCollector.java:73)
	at org.junit.platform.engine.support.hierarchical.NodeTestTask.lambda$executeRecursively$7(NodeTestTask.java:125)
	at org.junit.platform.engine.support.hierarchical.Node.around(Node.java:135)
	at org.junit.platform.engine.support.hierarchical.NodeTestTask.lambda$executeRecursively$8(NodeTestTask.java:123)
	at org.junit.platform.engine.support.hierarchical.ThrowableCollector.execute(ThrowableCollector.java:73)
	at org.junit.platform.engine.support.hierarchical.NodeTestTask.executeRecursively(NodeTestTask.java:122)
	at org.junit.platform.engine.support.hierarchical.NodeTestTask.execute(NodeTestTask.java:80)
	at java.base/java.util.ArrayList.forEach(ArrayList.java:1507)
	at org.junit.platform.engine.support.hierarchical.SameThreadHierarchicalTestExecutorService.invokeAll(SameThreadHierarchicalTestExecutorService.java:38)
	at org.junit.platform.engine.support.hierarchical.NodeTestTask.lambda$executeRecursively$5(NodeTestTask.java:139)
	at org.junit.platform.engine.support.hierarchical.ThrowableCollector.execute(ThrowableCollector.java:73)
	at org.junit.platform.engine.support.hierarchical.NodeTestTask.lambda$executeRecursively$7(NodeTestTask.java:125)
	at org.junit.platform.engine.support.hierarchical.Node.around(Node.java:135)
	at org.junit.platform.engine.support.hierarchical.NodeTestTask.lambda$executeRecursively$8(NodeTestTask.java:123)
	at org.junit.platform.engine.support.hierarchical.ThrowableCollector.execute(ThrowableCollector.java:73)
	at org.junit.platform.engine.support.hierarchical.NodeTestTask.executeRecursively(NodeTestTask.java:122)
	at org.junit.platform.engine.support.hierarchical.NodeTestTask.execute(NodeTestTask.java:80)
	at org.junit.platform.engine.support.hierarchical.SameThreadHierarchicalTestExecutorService.submit(SameThreadHierarchicalTestExecutorService.java:32)
	at org.junit.platform.engine.support.hierarchical.HierarchicalTestExecutor.execute(HierarchicalTestExecutor.java:57)
	at org.junit.platform.engine.support.hierarchical.HierarchicalTestEngine.execute(HierarchicalTestEngine.java:51)
	at org.junit.platform.launcher.core.DefaultLauncher.execute(DefaultLauncher.java:220)
	at org.junit.platform.launcher.core.DefaultLauncher.lambda$execute$6(DefaultLauncher.java:188)
	at org.junit.platform.launcher.core.DefaultLauncher.withInterceptedStreams(DefaultLauncher.java:202)
	at org.junit.platform.launcher.core.DefaultLauncher.execute(DefaultLauncher.java:181)
	at org.junit.platform.launcher.core.DefaultLauncher.execute(DefaultLauncher.java:128)
	at org.apache.maven.surefire.junitplatform.JUnitPlatformProvider.invokeAllTests(JUnitPlatformProvider.java:142)
	at org.apache.maven.surefire.junitplatform.JUnitPlatformProvider.invoke(JUnitPlatformProvider.java:117)
	at org.apache.maven.surefire.booter.ForkedBooter.invokeProviderInSameClassLoader(ForkedBooter.java:384)
	at org.apache.maven.surefire.booter.ForkedBooter.runSuitesInProcess(ForkedBooter.java:345)
	at org.apache.maven.surefire.booter.ForkedBooter.execute(ForkedBooter.java:126)
	at org.apache.maven.surefire.booter.ForkedBooter.main(ForkedBooter.java:418)
Caused by: java.util.NoSuchElementException: Cannot find attribute `bootstrap.servers` for channel `pre-final-check`. Has been tried: mp.messaging.incoming.pre-final-check.bootstrap.servers and mp.messaging.connector.smallrye-kafka.bootstrap.servers
	at io.smallrye.reactive.messaging.impl.ConnectorConfig.getValue(ConnectorConfig.java:72)
	at io.smallrye.reactive.messaging.kafka.KafkaConnector$1.getValue(KafkaConnector.java:114)
	at io.smallrye.reactive.messaging.kafka.impl.JsonHelper.asJsonObject(JsonHelper.java:14)
	at io.smallrye.reactive.messaging.kafka.impl.KafkaSource.<init>(KafkaSource.java:36)
	at io.smallrye.reactive.messaging.kafka.KafkaConnector.getPublisherBuilder(KafkaConnector.java:89)
	at io.smallrye.reactive.messaging.kafka.KafkaConnector_ClientProxy.getPublisherBuilder(KafkaConnector_ClientProxy.zig:324)
	at io.smallrye.reactive.messaging.impl.ConfiguredChannelFactory.createPublisherBuilder(ConfiguredChannelFactory.java:171)
	at io.smallrye.reactive.messaging.impl.ConfiguredChannelFactory.lambda$register$5(ConfiguredChannelFactory.java:149)
	at java.base/java.util.HashMap.forEach(HashMap.java:1338)
	at io.smallrye.reactive.messaging.impl.ConfiguredChannelFactory.register(ConfiguredChannelFactory.java:149)
	at io.smallrye.reactive.messaging.impl.ConfiguredChannelFactory.initialize(ConfiguredChannelFactory.java:123)
	at io.smallrye.reactive.messaging.impl.ConfiguredChannelFactory_ClientProxy.initialize(ConfiguredChannelFactory_ClientProxy.zig:265)
	at java.base/java.util.Iterator.forEachRemaining(Iterator.java:133)
	at java.base/java.util.Spliterators$IteratorSpliterator.forEachRemaining(Spliterators.java:1801)
	at java.base/java.util.stream.ReferencePipeline$Head.forEach(ReferencePipeline.java:658)
	at io.smallrye.reactive.messaging.extension.MediatorManager.initializeAndRun(MediatorManager.java:160)
	at io.smallrye.reactive.messaging.extension.MediatorManager_ClientProxy.initializeAndRun(MediatorManager_ClientProxy.zig:260)
	at io.quarkus.smallrye.reactivemessaging.runtime.SmallRyeReactiveMessagingLifecycle.onApplicationStart(SmallRyeReactiveMessagingLifecycle.java:20)
	... 55 more

2020-06-26 14:32:41,076 INFO  [io.sma.rea.mes.ext.MediatorManager] (main) Cancel subscriptions
]]></system-out>
  </testcase>
</testsuite>